# JRE version: OpenJDK Runtime Environment (23.0+37) (build 23+37-2369)
# Java VM: OpenJDK 64-Bit Server VM (23+37-2369, mixed mode, emulated-client, sharing, tiered, compressed oops, compressed class ptrs, g1 gc, windows-amd64)
GC Precious Log:
 CardTable entry size: 512
 Card Set container configuration: InlinePtr #cards 4 size 8 Array Of Cards #cards 16 size 48 Howl #buckets 8 coarsen threshold 3686 Howl Bitmap #cards 512 size 80 coarsen threshold 460 Card regions per heap region 1 cards per card region 4096
 CPUs: 16 total, 16 available
 Memory: 16124M
 Large Page Support: Disabled
 NUMA Support: Disabled
 Compressed Oops: Enabled (Zero based)
 Heap Region Size: 2M
 Heap Min Capacity: 8M
 Heap Initial Capacity: 252M
 Heap Max Capacity: 4032M
 Pre-touch: Disabled
 Parallel Workers: 13
 Concurrent Workers: 3
 Concurrent Refinement Workers: 13
 Periodic GC: Disabled
Heap:
 garbage-first heap   total reserved 4128768K, committed 116736K, used 68188K [0x0000000704000000, 0x0000000800000000)
  region size 2048K, 14 young (28672K), 4 survivors (8192K)
 Metaspace       used 82229K, committed 83136K, reserved 1179648K
  class space    used 12230K, committed 12608K, reserved 1048576K
GC Heap History (20 events):
Event: 1.968 GC heap before
{Heap before GC invocations=11 (full 0):
 garbage-first heap   total reserved 4128768K, committed 40960K, used 32667K [0x0000000704000000, 0x0000000800000000)
  region size 2048K, 9 young (18432K), 2 survivors (4096K)
 Metaspace       used 25983K, committed 26432K, reserved 1114112K
  class space    used 3660K, committed 3840K, reserved 1048576K
}
Event: 1.970 GC heap after
{Heap after GC invocations=12 (full 0):
 garbage-first heap   total reserved 4128768K, committed 149504K, used 19289K [0x0000000704000000, 0x0000000800000000)
  region size 2048K, 2 young (4096K), 2 survivors (4096K)
 Metaspace       used 25983K, committed 26432K, reserved 1114112K
  class space    used 3660K, committed 3840K, reserved 1048576K
}
Event: 2.701 GC heap before
{Heap before GC invocations=12 (full 0):
 garbage-first heap   total reserved 4128768K, committed 149504K, used 101209K [0x0000000704000000, 0x0000000800000000)
  region size 2048K, 43 young (88064K), 2 survivors (4096K)
 Metaspace       used 34533K, committed 35136K, reserved 1114112K
  class space    used 4947K, committed 5248K, reserved 1048576K
}
Event: 2.706 GC heap after
{Heap after GC invocations=13 (full 0):
 garbage-first heap   total reserved 4128768K, committed 149504K, used 25741K [0x0000000704000000, 0x0000000800000000)
  region size 2048K, 5 young (10240K), 5 survivors (10240K)
 Metaspace       used 34533K, committed 35136K, reserved 1114112K
  class space    used 4947K, committed 5248K, reserved 1048576K
}
Event: 2.740 GC heap before
{Heap before GC invocations=13 (full 0):
 garbage-first heap   total reserved 4128768K, committed 149504K, used 35981K [0x0000000704000000, 0x0000000800000000)
  region size 2048K, 12 young (24576K), 5 survivors (10240K)
 Metaspace       used 35439K, committed 35968K, reserved 1114112K
  class space    used 5046K, committed 5312K, reserved 1048576K
}
Event: 2.748 GC heap after
{Heap after GC invocations=14 (full 0):
 garbage-first heap   total reserved 4128768K, committed 149504K, used 32302K [0x0000000704000000, 0x0000000800000000)
  region size 2048K, 4 young (8192K), 4 survivors (8192K)
 Metaspace       used 35439K, committed 35968K, reserved 1114112K
  class space    used 5046K, committed 5312K, reserved 1048576K
}
Event: 3.808 GC heap before
{Heap before GC invocations=15 (full 0):
 garbage-first heap   total reserved 4128768K, committed 116736K, used 83502K [0x0000000704000000, 0x0000000800000000)
  region size 2048K, 30 young (61440K), 4 survivors (8192K)
 Metaspace       used 37416K, committed 38080K, reserved 1114112K
  class space    used 5353K, committed 5632K, reserved 1048576K
}
Event: 3.810 GC heap after
{Heap after GC invocations=16 (full 0):
 garbage-first heap   total reserved 4128768K, committed 116736K, used 30291K [0x0000000704000000, 0x0000000800000000)
  region size 2048K, 2 young (4096K), 2 survivors (4096K)
 Metaspace       used 37416K, committed 38080K, reserved 1114112K
  class space    used 5353K, committed 5632K, reserved 1048576K
}
Event: 4.448 GC heap before
{Heap before GC invocations=16 (full 0):
 garbage-first heap   total reserved 4128768K, committed 116736K, used 73299K [0x0000000704000000, 0x0000000800000000)
  region size 2048K, 24 young (49152K), 2 survivors (4096K)
 Metaspace       used 51936K, committed 52544K, reserved 1114112K
  class space    used 7429K, committed 7680K, reserved 1048576K
}
Event: 4.454 GC heap after
{Heap after GC invocations=17 (full 0):
 garbage-first heap   total reserved 4128768K, committed 116736K, used 33418K [0x0000000704000000, 0x0000000800000000)
  region size 2048K, 3 young (6144K), 3 survivors (6144K)
 Metaspace       used 51936K, committed 52544K, reserved 1114112K
  class space    used 7429K, committed 7680K, reserved 1048576K
}
Event: 4.815 GC heap before
{Heap before GC invocations=17 (full 0):
 garbage-first heap   total reserved 4128768K, committed 116736K, used 62090K [0x0000000704000000, 0x0000000800000000)
  region size 2048K, 19 young (38912K), 3 survivors (6144K)
 Metaspace       used 59482K, committed 60096K, reserved 1114112K
  class space    used 8503K, committed 8768K, reserved 1048576K
}
Event: 4.820 GC heap after
{Heap after GC invocations=18 (full 0):
 garbage-first heap   total reserved 4128768K, committed 116736K, used 35790K [0x0000000704000000, 0x0000000800000000)
  region size 2048K, 3 young (6144K), 3 survivors (6144K)
 Metaspace       used 59482K, committed 60096K, reserved 1114112K
  class space    used 8503K, committed 8768K, reserved 1048576K
}
Event: 5.392 GC heap before
{Heap before GC invocations=19 (full 0):
 garbage-first heap   total reserved 4128768K, committed 116736K, used 82894K [0x0000000704000000, 0x0000000800000000)
  region size 2048K, 27 young (55296K), 3 survivors (6144K)
 Metaspace       used 67333K, committed 68032K, reserved 1114112K
  class space    used 9770K, committed 10048K, reserved 1048576K
}
Event: 5.398 GC heap after
{Heap after GC invocations=20 (full 0):
 garbage-first heap   total reserved 4128768K, committed 116736K, used 38387K [0x0000000704000000, 0x0000000800000000)
  region size 2048K, 3 young (6144K), 3 survivors (6144K)
 Metaspace       used 67333K, committed 68032K, reserved 1114112K
  class space    used 9770K, committed 10048K, reserved 1048576K
}
Event: 5.843 GC heap before
{Heap before GC invocations=20 (full 0):
 garbage-first heap   total reserved 4128768K, committed 116736K, used 85491K [0x0000000704000000, 0x0000000800000000)
  region size 2048K, 27 young (55296K), 3 survivors (6144K)
 Metaspace       used 73166K, committed 73920K, reserved 1114112K
  class space    used 10877K, committed 11136K, reserved 1048576K
}
Event: 5.847 GC heap after
{Heap after GC invocations=21 (full 0):
 garbage-first heap   total reserved 4128768K, committed 116736K, used 42427K [0x0000000704000000, 0x0000000800000000)
  region size 2048K, 4 young (8192K), 4 survivors (8192K)
 Metaspace       used 73166K, committed 73920K, reserved 1114112K
  class space    used 10877K, committed 11136K, reserved 1048576K
}
Event: 6.231 GC heap before
{Heap before GC invocations=21 (full 0):
 garbage-first heap   total reserved 4128768K, committed 116736K, used 91579K [0x0000000704000000, 0x0000000800000000)
  region size 2048K, 28 young (57344K), 4 survivors (8192K)
 Metaspace       used 77754K, committed 78592K, reserved 1179648K
  class space    used 11537K, committed 11904K, reserved 1048576K
}
Event: 6.236 GC heap after
{Heap after GC invocations=22 (full 0):
 garbage-first heap   total reserved 4128768K, committed 116736K, used 45770K [0x0000000704000000, 0x0000000800000000)
  region size 2048K, 4 young (8192K), 4 survivors (8192K)
 Metaspace       used 77754K, committed 78592K, reserved 1179648K
  class space    used 11537K, committed 11904K, reserved 1048576K
}
Event: 12.897 GC heap before
{Heap before GC invocations=22 (full 0):
 garbage-first heap   total reserved 4128768K, committed 116736K, used 96970K [0x0000000704000000, 0x0000000800000000)
  region size 2048K, 29 young (59392K), 4 survivors (8192K)
 Metaspace       used 81225K, committed 82176K, reserved 1179648K
  class space    used 12080K, committed 12480K, reserved 1048576K
}
Event: 12.905 GC heap after
{Heap after GC invocations=23 (full 0):
 garbage-first heap   total reserved 4128768K, committed 116736K, used 49756K [0x0000000704000000, 0x0000000800000000)
  region size 2048K, 4 young (8192K), 4 survivors (8192K)
 Metaspace       used 81225K, committed 82176K, reserved 1179648K
  class space    used 12080K, committed 12480K, reserved 1048576K
}

